obj 3.50
x_0 0
x_1 0
x_2 1
x_3 0
x_4 0
x_5 0
x_6 0
x_7 0
x_8 0
x_9 0
x_10 0
x_11 0
x_12 0
x_13 0
x_14 0
x_15 0
x_16 0
x_17 0
x_18 0
x_19 0
x_20 0
x_21 0
x_22 0
x_23 1
x_24 0
x_25 0
x_26 0
x_27 0
x_28 0
x_29 0
x_30 0
x_31 0
x_32 0
x_33 0
x_34 0
x_35 0
x_36 0
x_37 0
x_38 0
x_39 0
x_40 0
x_41 0
x_42 0
x_43 0
x_44 0
x_45 0
x_46 0
x_47 0
x_48 0
x_49 0
x_50 0
x_51 0
x_52 0
x_53 0
x_54 0
x_55 0
x_56 0
x_57 0
x_58 0
x_59 0
x_60 0
x_61 0
x_62 0
x_63 0
x_64 0
x_65 0
x_66 0
x_67 0
x_68 0
x_69 0
x_70 0
x_71 0
x_72 0
x_73 0
x_74 0
x_75 0
x_76 0
x_77 0
x_78 0
x_79 0
x_80 0
x_81 0
x_82 0
x_83 0
x_84 0
x_85 0
x_86 0
x_87 0
x_88 0
x_89 0
x_90 0
y_0 0
y_1 0
y_2 0
y_3 0
y_4 0
y_5 0
y_6 0
y_7 0
y_8 0
y_9 0
y_10 1
y_11 0
y_12 0
y_13 0
y_14 0
y_15 0
