obj 12.00
x_0 0
x_1 0
x_2 0
x_3 0
x_4 0
x_5 0
x_6 0
x_7 1
x_8 0
x_9 0
x_10 0
x_11 0
x_12 0
x_13 0
x_14 0
x_15 0
x_16 1
x_17 0
x_18 0
x_19 0
x_20 0
x_21 0
x_22 0
x_23 0
x_24 0
x_25 0
x_26 0
x_27 0
x_28 0
x_29 0
x_30 0
x_31 0
x_32 0
x_33 0
x_34 0
x_35 0
x_36 0
x_37 0
x_38 0
x_39 0
x_40 0
x_41 0
x_42 0
x_43 0
x_44 0
x_45 0
x_46 0
x_47 0
x_48 0
x_49 0
x_50 0
x_51 0
x_52 0
x_53 0
x_54 0
x_55 0
x_56 0
x_57 0
x_58 0
x_59 0
x_60 0
x_61 0
x_62 0
x_63 0
x_64 0
x_65 0
x_66 0
x_67 0
x_68 0
x_69 0
x_70 0
x_71 0
x_72 0
x_73 0
x_74 0
x_75 0
x_76 0
x_77 0
x_78 0
x_79 0
x_80 0
x_81 0
x_82 0
x_83 0
x_84 0
x_85 0
x_86 0
x_87 0
x_88 0
x_89 1
x_90 0
x_91 0
x_92 0
x_93 0
x_94 0
x_95 0
x_96 0
x_97 0
x_98 0
x_99 0
x_100 0
x_101 0
x_102 1
x_103 0
x_104 0
x_105 0
x_106 0
x_107 0
x_108 0
x_109 0
x_110 0
x_111 0
x_112 0
x_113 0
x_114 0
x_115 0
x_116 0
x_117 0
x_118 0
x_119 0
x_120 0
x_121 0
x_122 0
x_123 0
y_0 0
y_1 0
y_2 0
y_3 0
y_4 1
y_5 0
y_6 0
y_7 0
y_8 0
y_9 1
y_10 1
y_11 0
y_12 0
y_13 0
y_14 0
y_15 0
y_16 0
y_17 0
y_18 0
y_19 1
y_20 0
y_21 0
y_22 1
y_23 0
y_24 0
y_25 0
y_26 0
y_27 0
y_28 0
y_29 1
y_30 0
y_31 0
y_32 0
y_33 0
y_34 0
y_35 0
y_36 0
y_37 0
y_38 0
y_39 0
y_40 0
y_41 0
y_42 0
y_43 0
y_44 0
y_45 0
y_46 0
y_47 0
y_48 0
y_49 0
y_50 0
y_51 0
y_52 0
y_53 0
y_54 0
y_55 0
y_56 0
y_57 1
y_58 0
y_59 0
y_60 0
y_61 0
y_62 0
y_63 1
y_64 0
y_65 0
y_66 0
y_67 0
y_68 0
y_69 0
y_70 0
y_71 0
y_72 1
y_73 0
y_74 0
y_75 0
y_76 0
y_77 0
y_78 0
y_79 0
y_80 0
y_81 0
